RECV req 19527 bytes, got  1053 bytes
RECV req 18474 bytes, got  1354 bytes
RECV req 17120 bytes, got  1354 bytes
RECV req 15766 bytes, got  1354 bytes
RECV req 14412 bytes, got   954 bytes
RECV req 13458 bytes, got  1354 bytes
RECV req 12104 bytes, got  1354 bytes
RECV req 10750 bytes, got  1054 bytes
RECV req  9696 bytes, got  1354 bytes
RECV req  8342 bytes, got  1354 bytes
RECV req  6988 bytes, got  1053 bytes
RECV req  5935 bytes, got  1354 bytes
RECV req  4581 bytes, got  1354 bytes
RECV req  3227 bytes, got  1054 bytes
RECV req  2173 bytes, got  1354 bytes
RECV req   819 bytes, got   819 bytes
RECV req     1 bytes, got     1 bytes
METADATA LEN: 0
CBUF_INSERT
---CBUF_DEBUG_META_LIST---
294912: <size>
131072: Start
163839: 4 [4]StreamTitle='Steeleye Span - Cam Ye O'er Frae France';
131072: End
Testing to write showfile
rmi->current_track.have_track_info = 0
----- TRACK_INFO old
HAVETI: 1
RAW_MD: Steeleye Span - Cam Ye O'er Frae France
ARTIST: Steeleye Span
TITLE:  Cam Ye O'er Frae France
ALBUM:  
TRACK_P:
TRACK_A:17
YEAR:  
SAVE:   1
----- TRACK_INFO new
HAVETI: 1
RAW_MD: Steeleye Span - Cam Ye O'er Frae France
ARTIST: Steeleye Span
TITLE:  Cam Ye O'er Frae France
ALBUM:  
TRACK_P:
TRACK_A:17
YEAR:  
SAVE:   1
----- TRACK_INFO current
HAVETI: 0
RAW_MD: 
ARTIST: 
TITLE:  
ALBUM:  
TRACK_P:
TRACK_A:18
YEAR:  
SAVE:   1
cbuf2_get_free < getbuffer_size
Waiting for cbuf2->cbuf_sem
CE2: 163840
CE3: 163839
CE4: 5 5
CBUF_EXTRACT
---CBUF_DEBUG_META_LIST---
294912: <size>
163840: Start
196607: 5 [4]StreamTitle='Steeleye Span - Cam Ye O'er Frae France';
131072: End
Did ripstream_rip
Gonna ripstream_rip
RIPSTREAM_RIP_MP3: top of loop
RECV req 32768 bytes, got   534 bytes
RECV req 32234 bytes, got  1354 bytes
RECV req 30880 bytes, got   954 bytes
RECV req 29926 bytes, got  1354 bytes
RECV req 28572 bytes, got  1354 bytes
RECV req 27218 bytes, got  1054 bytes
RECV req 26164 bytes, got  1354 bytes
RECV req 24810 bytes, got  1354 bytes
RECV req 23456 bytes, got  1054 bytes
RECV req 22402 bytes, got  1354 bytes
RECV req 21048 bytes, got  1354 bytes
RECV req 19694 bytes, got  1053 bytes
RECV req 18641 bytes, got  1354 bytes
RECV req 17287 bytes, got  1354 bytes
RECV req 15933 bytes, got  1054 bytes
RECV req 14879 bytes, got  1354 bytes
RECV req 13525 bytes, got  1354 bytes
RECV req 12171 bytes, got  1354 bytes
RECV req 10817 bytes, got  1354 bytes
RECV req  9463 bytes, got   853 bytes
RECV req  8610 bytes, got  1354 bytes
RECV req  7256 bytes, got  1154 bytes
RECV req  6102 bytes, got  1354 bytes
RECV req  4748 bytes, got  1354 bytes
RECV req  3394 bytes, got  1054 bytes
RECV req  2340 bytes, got  1354 bytes
RECV req   986 bytes, got   986 bytes
RECV req     1 bytes, got     1 bytes
METADATA LEN: 0
CBUF_INSERT
---CBUF_DEBUG_META_LIST---
294912: <size>
163840: Start
196607: 5 [4]StreamTitle='Steeleye Span - Cam Ye O'er Frae France';
163840: End
Testing to write showfile
rmi->current_track.have_track_info = 0
----- TRACK_INFO old
HAVETI: 1
RAW_MD: Steeleye Span - Cam Ye O'er Frae France
ARTIST: Steeleye Span
TITLE:  Cam Ye O'er Frae France
ALBUM:  
TRACK_P:
TRACK_A:17
YEAR:  
SAVE:   1
----- TRACK_INFO new
HAVETI: 1
RAW_MD: Steeleye Span - Cam Ye O'er Frae France
ARTIST: Steeleye Span
TITLE:  Cam Ye O'er Frae France
ALBUM:  
TRACK_P:
TRACK_A:17
YEAR:  
SAVE:   1
----- TRACK_INFO current
HAVETI: 0
RAW_MD: 
ARTIST: 
TITLE:  
ALBUM:  
TRACK_P:
TRACK_A:18
YEAR:  
SAVE:   1
cbuf2_get_free < getbuffer_size
Waiting for cbuf2->cbuf_sem
CE2: 196608
CE3: 196607
CE4: 6 6
CBUF_EXTRACT
---CBUF_DEBUG_META_LIST---
294912: <size>
196608: Start
229375: 6 [4]StreamTitle='Steeleye Span - Cam Ye O'er Frae France';
163840: End
Did ripstream_rip
Gonna ripstream_rip
RIPSTREAM_RIP_MP3: top of loop
RECV req 32768 bytes, got   167 bytes
RECV req 32601 bytes, got  1354 bytes
RECV req 31247 bytes, got  1354 bytes
RECV req 29893 bytes, got  1354 bytes
RECV req 28539 bytes, got   954 bytes
RECV req 27585 bytes, got  1354 bytes
RECV req 26231 bytes, got  1354 bytes
RECV req 24877 bytes, got  1354 bytes
RECV req 23523 bytes, got   953 bytes
RECV req 22570 bytes, got  1354 bytes
RECV req 21216 bytes, got  1354 bytes
RECV req 19862 bytes, got  1054 bytes
RECV req 18808 bytes, got  1354 bytes
RECV req 17454 bytes, got  1354 bytes
RECV req 16100 bytes, got  1054 bytes
RECV req 15046 bytes, got  1354 bytes
RECV req 13692 bytes, got  1354 bytes
RECV req 12338 bytes, got  1354 bytes
RECV req 10984 bytes, got  1354 bytes
RECV req  9630 bytes, got   853 bytes
RECV req  8777 bytes, got  1354 bytes
RECV req  7423 bytes, got  1154 bytes
RECV req  6269 bytes, got  1354 bytes
RECV req  4915 bytes, got  1154 bytes
RECV req  3761 bytes, got  1354 bytes
RECV req  2407 bytes, got  1354 bytes
RECV req  1053 bytes, got  1053 bytes
RECV req     1 bytes, got     1 bytes
METADATA LEN: 0
CBUF_INSERT
---CBUF_DEBUG_META_LIST---
294912: <size>
196608: Start
229375: 6 [4]StreamTitle='Steeleye Span - Cam Ye O'er Frae France';
196608: End
Testing to write showfile
rmi->current_track.have_track_info = 0
----- TRACK_INFO old
HAVETI: 1
RAW_MD: Steeleye Span - Cam Ye O'er Frae France
ARTIST: Steeleye Span
TITLE:  Cam Ye O'er Frae France
ALBUM:  
TRACK_P:
TRACK_A:17
YEAR:  
SAVE:   1
----- TRACK_INFO new
HAVETI: 1
RAW_MD: Steeleye Span - Cam Ye O'er Frae France
ARTIST: Steeleye Span
TITLE:  Cam Ye O'er Frae France
ALBUM:  
TRACK_P:
TRACK_A:17
YEAR:  
SAVE:   1
----- TRACK_INFO current
HAVETI: 0
RAW_MD: 
ARTIST: 
TITLE:  
ALBUM:  
TRACK_P:
TRACK_A:18
YEAR:  
SAVE:   1
cbuf2_get_free < getbuffer_size
Waiting for cbuf2->cbuf_sem
CE2: 229376
CE3: 229375
CE4: 7 7
CBUF_EXTRACT
---CBUF_DEBUG_META_LIST---
294912: <size>
229376: Start
262143: 7 [4]StreamTitle='Steeleye Span - Cam Ye O'er Frae France';
196608: End
Did ripstream_rip
Gonna ripstream_rip
RIPSTREAM_RIP_MP3: top of loop
RECV req 32768 bytes, got  1654 bytes
RECV req 31114 bytes, got   854 bytes
RECV req 30260 bytes, got  1354 bytes
RECV req 28906 bytes, got  1354 bytes
RECV req 27552 bytes, got  1054 bytes
RECV req 26498 bytes, got  1253 bytes
RECV req 25245 bytes, got  1354 bytes
RECV req 23891 bytes, got  1354 bytes
RECV req 22537 bytes, got  1354 bytes
RECV req 21183 bytes, got   954 bytes
RECV req 20229 bytes, got  1354 bytes
RECV req 18875 bytes, got  1354 bytes
RECV req 17521 bytes, got  1354 bytes
RECV req 16167 bytes, got  1354 bytes
RECV req 14813 bytes, got   853 bytes
RECV req 13960 bytes, got  1354 bytes
RECV req 12606 bytes, got  1354 bytes
RECV req 11252 bytes, got  1054 bytes
RECV req 10198 bytes, got  1354 bytes
RECV req  8844 bytes, got  1354 bytes
RECV req  7490 bytes, got  1354 bytes
RECV req  6136 bytes, got   954 bytes
RECV req  5182 bytes, got  1354 bytes
RECV req  3828 bytes, got  1354 bytes
RECV req  2474 bytes, got  1053 bytes
RECV req  1421 bytes, got  1354 bytes
RECV req    67 bytes, got    67 bytes
RECV req     1 bytes, got     1 bytes
METADATA LEN: 0
CBUF_INSERT
---CBUF_DEBUG_META_LIST---
294912: <size>
229376: Start
262143: 7 [4]StreamTitle='Steeleye Span - Cam Ye O'er Frae France';
229376: End
Testing to write showfile
rmi->current_track.have_track_info = 0
----- TRACK_INFO old
HAVETI: 1
RAW_MD: Steeleye Span - Cam Ye O'er Frae France
ARTIST: Steeleye Span
TITLE:  Cam Ye O'er Frae France
ALBUM:  
TRACK_P:
TRACK_A:17
YEAR:  
SAVE:   1
----- TRACK_INFO new
HAVETI: 1
RAW_MD: Steeleye Span - Cam Ye O'er Frae France
ARTIST: Steeleye Span
TITLE:  Cam Ye O'er Frae France
ALBUM:  
TRACK_P:
TRACK_A:17
YEAR:  
SAVE:   1
----- TRACK_INFO current
HAVETI: 0
RAW_MD: 
ARTIST: 
TITLE:  
ALBUM:  
TRACK_P:
TRACK_A:18
YEAR:  
SAVE:   1
cbuf2_get_free < getbuffer_size
Waiting for cbuf2->cbuf_sem
CE2: 262144
CE3: 262143
CE4: 8 8
CBUF_EXTRACT
---CBUF_DEBUG_META_LIST---
294912: <size>
262144: Start
294911: 8 [4]StreamTitle='Steeleye Span - Cam Ye O'er Frae France';
229376: End
Did ripstream_rip
Gonna ripstream_rip
RIPSTREAM_RIP_MP3: top of loop
RECV req 32768 bytes, got  1286 bytes
RECV req 31482 bytes, got  1055 bytes
RECV req 30427 bytes, got  1354 bytes
RECV req 29073 bytes, got  1154 bytes
RECV req 27919 bytes, got  1354 bytes
RECV req 26565 bytes, got  1354 bytes
RECV req 25211 bytes, got  1354 bytes
RECV req 23857 bytes, got   953 bytes
RECV req 22904 bytes, got  1354 bytes
RECV req 21550 bytes, got  1354 bytes
RECV req 20196 bytes, got  1354 bytes
RECV req 18842 bytes, got   954 bytes
RECV req 17888 bytes, got  1354 bytes
RECV req 16534 bytes, got  1153 bytes
RECV req 15381 bytes, got  1354 bytes
RECV req 14027 bytes, got  1354 bytes
RECV req 12673 bytes, got  1354 bytes
RECV req 11319 bytes, got   954 bytes
RECV req 10365 bytes, got  1354 bytes
RECV req  9011 bytes, got  1354 bytes
RECV req  7657 bytes, got  1053 bytes
RECV req  6604 bytes, got  1354 bytes
RECV req  5250 bytes, got  1354 bytes
RECV req  3896 bytes, got  1054 bytes
RECV req  2842 bytes, got  1354 bytes
RECV req  1488 bytes, got  1354 bytes
RECV req   134 bytes, got   134 bytes
RECV req     1 bytes, got     1 bytes
METADATA LEN: 0
CBUF_INSERT
---CBUF_DEBUG_META_LIST---
294912: <size>
262144: Start
294911: 8 [4]StreamTitle='Steeleye Span - Cam Ye O'er Frae France';
262144: End
Testing to write showfile
rmi->current_track.have_track_info = 0
----- TRACK_INFO old
HAVETI: 1
RAW_MD: Steeleye Span - Cam Ye O'er Frae France
ARTIST: Steeleye Span
TITLE:  Cam Ye O'er Frae France
ALBUM:  
TRACK_P:
TRACK_A:17
YEAR:  
SAVE:   1
----- TRACK_INFO new
HAVETI: 1
RAW_MD: Steeleye Span - Cam Ye O'er Frae France
ARTIST: Steeleye Span
TITLE:  Cam Ye O'er Frae France
ALBUM:  
TRACK_P:
TRACK_A:17
YEAR:  
SAVE:   1
----- TRACK_INFO current
HAVETI: 0
RAW_MD: 
ARTIST: 
TITLE:  
ALBUM:  
TRACK_P:
TRACK_A:18
YEAR:  
SAVE:   1
cbuf2_get_free < getbuffer_size
Waiting for cbuf2->cbuf_sem
CE2: 0
CE3: 294911
CE4: 0 0
CBUF_EXTRACT
---CBUF_DEBUG_META_LIST---
294912: <size>
0: Start
32767: 0 [4]StreamTitle='Steeleye Span - Cam Ye O'er Frae France';
262144: End
Did ripstream_rip
Gonna ripstream_rip
RIPSTREAM_RIP_MP3: top of loop
RECV req 32768 bytes, got  1219 bytes
RECV req 31549 bytes, got   955 bytes
RECV req 30594 bytes, got  1354 bytes
RECV req 29240 bytes, got  1354 bytes
RECV req 27886 bytes, got  1354 bytes
RECV req 26532 bytes, got   953 bytes
RECV req 25579 bytes, got  1354 bytes
RECV req 24225 bytes, got  1154 bytes
RECV req 23071 bytes, got  1354 bytes
RECV req 21717 bytes, got  1354 bytes
RECV req 20363 bytes, got  1354 bytes
RECV req 19009 bytes, got   953 bytes
RECV req 18056 bytes, got  1354 bytes
RECV req 16702 bytes, got  1354 bytes
RECV req 15348 bytes, got  1054 bytes
RECV req 14294 bytes, got  1354 bytes
RECV req 12940 bytes, got  1354 bytes
RECV req 11586 bytes, got  1054 bytes
RECV req 10532 bytes, got  1354 bytes
RECV req  9178 bytes, got  1354 bytes
RECV req  7824 bytes, got  1053 bytes
RECV req  6771 bytes, got  1254 bytes
RECV req  5517 bytes, got  1354 bytes
RECV req  4163 bytes, got  1354 bytes
RECV req  2809 bytes, got  1354 bytes
RECV req  1455 bytes, got   954 bytes
RECV req   501 bytes, got   501 bytes
RECV req     1 bytes, got     1 bytes
METADATA LEN: 0
CBUF_INSERT
---CBUF_DEBUG_META_LIST---
294912: <size>
0: Start
32767: 0 [4]StreamTitle='Steeleye Span - Cam Ye O'er Frae France';
0: End
Testing to write showfile
rmi->current_track.have_track_info = 0
----- TRACK_INFO old
HAVETI: 1
RAW_MD: Steeleye Span - Cam Ye O'er Frae France
ARTIST: Steeleye Span
TITLE:  Cam Ye O'er Frae France
ALBUM:  
TRACK_P:
TRACK_A:17
YEAR:  
SAVE:   1
----- TRACK_INFO new
HAVETI: 1
RAW_MD: Steeleye Span - Cam Ye O'er Frae France
ARTIST: Steeleye Span
TITLE:  Cam Ye O'er Frae France
ALBUM:  
TRACK_P:
TRACK_A:17
YEAR:  
SAVE:   1
----- TRACK_INFO current
HAVETI: 0
RAW_MD: 
ARTIST: 
TITLE:  
ALBUM:  
TRACK_P:
TRACK_A:18
YEAR:  
SAVE:   1
cbuf2_get_free < getbuffer_size
Waiting for cbuf2->cbuf_sem
CE2: 32768
CE3: 32767
CE4: 1 1
CBUF_EXTRACT
---CBUF_DEBUG_META_LIST---
294912: <size>
32768: Start
65535: 1 [4]StreamTitle='Steeleye Span - Cam Ye O'er Frae France';
0: End
Did ripstream_rip
Gonna ripstream_rip
RIPSTREAM_RIP_MP3: top of loop
RECV req 32768 bytes, got   852 bytes
RECV req 31916 bytes, got  1354 bytes
RECV req 30562 bytes, got  1354 bytes
RECV req 29208 bytes, got  1354 bytes
RECV req 27854 bytes, got  1354 bytes
RECV req 26500 bytes, got   754 bytes
RECV req 25746 bytes, got  1254 bytes
RECV req 24492 bytes, got  1354 bytes
RECV req 23138 bytes, got  1354 bytes
RECV req 21784 bytes, got  1354 bytes
RECV req 20430 bytes, got   953 bytes
RECV req 19477 bytes, got  1354 bytes
RECV req 18123 bytes, got  1354 bytes
RECV req 16769 bytes, got  1354 bytes
RECV req 15415 bytes, got  1354 bytes
RECV req 14061 bytes, got   854 bytes
RECV req 13207 bytes, got  1354 bytes
RECV req 11853 bytes, got  1153 bytes
RECV req 10700 bytes, got  1354 bytes
RECV req  9346 bytes, got  1154 bytes
RECV req  8192 bytes, got  1354 bytes
RECV req  6838 bytes, got  1354 bytes
RECV req  5484 bytes, got  1354 bytes
RECV req  4130 bytes, got  1354 bytes
RECV req  2776 bytes, got   854 bytes
RECV req  1922 bytes, got  1354 bytes
RECV req   568 bytes, got   568 bytes
RECV req     1 bytes, got     1 bytes
METADATA LEN: 0
CBUF_INSERT
---CBUF_DEBUG_META_LIST---
294912: <size>
32768: Start
65535: 1 [4]StreamTitle='Steeleye Span - Cam Ye O'er Frae France';
32768: End
Testing to write showfile
rmi->current_track.have_track_info = 0
----- TRACK_INFO old
HAVETI: 1
RAW_MD: Steeleye Span - Cam Ye O'er Frae France
ARTIST: Steeleye Span
TITLE:  Cam Ye O'er Frae France
ALBUM:  
TRACK_P:
TRACK_A:17
YEAR:  
SAVE:   1
----- TRACK_INFO new
HAVETI: 1
RAW_MD: Steeleye Span - Cam Ye O'er Frae France
ARTIST: Steeleye Span
TITLE:  Cam Ye O'er Frae France
ALBUM:  
TRACK_P:
TRACK_A:17
YEAR:  
SAVE:   1
----- TRACK_INFO current
HAVETI: 0
RAW_MD: 
ARTIST: 
TITLE:  
ALBUM:  
TRACK_P:
TRACK_A:18
YEAR:  
SAVE:   1
cbuf2_get_free < getbuffer_size
Waiting for cbuf2->cbuf_sem
CE2: 65536
CE3: 65535
CE4: 2 2
CBUF_EXTRACT
---CBUF_DEBUG_META_LIST---
294912: <size>
65536: Start
98303: 2 [4]StreamTitle='Steeleye Span - Cam Ye O'er Frae France';
32768: End
Did ripstream_rip
Gonna ripstream_rip
RIPSTREAM_RIP_MP3: top of loop
RECV req 32768 bytes, got   585 bytes
RECV req 32183 bytes, got  1354 bytes
RECV req 30829 bytes, got  1354 bytes
RECV req 29475 bytes, got  1354 bytes
RECV req 28121 bytes, got  1354 bytes
RECV req 26767 bytes, got   854 bytes
RECV req 25913 bytes, got  1354 bytes
RECV req 24559 bytes, got  1153 bytes
RECV req 23406 bytes, got  1354 bytes
RECV req 22052 bytes, got  1354 bytes
RECV req 20698 bytes, got  1354 bytes
RECV req 19344 bytes, got   954 bytes
RECV req 18390 bytes, got  1354 bytes
RECV req 17036 bytes, got  1154 bytes
RECV req 15882 bytes, got  1354 bytes
RECV req 14528 bytes, got  1354 bytes
RECV req 13174 bytes, got  1354 bytes
RECV req 11820 bytes, got   953 bytes
RECV req 10867 bytes, got  1354 bytes
RECV req  9513 bytes, got  1354 bytes
RECV req  8159 bytes, got  1054 bytes
RECV req  7105 bytes, got  1354 bytes
RECV req  5751 bytes, got  1354 bytes
RECV req  4397 bytes, got  1054 bytes
RECV req  3343 bytes, got  1354 bytes
RECV req  1989 bytes, got  1354 bytes
RECV req   635 bytes, got   635 bytes
RECV req     1 bytes, got     1 bytes
METADATA LEN: 0
CBUF_INSERT
---CBUF_DEBUG_META_LIST---
294912: <size>
65536: Start
98303: 2 [4]StreamTitle='Steeleye Span - Cam Ye O'er Frae France';
65536: End
Testing to write showfile
rmi->current_track.have_track_info = 0
----- TRACK_INFO old
HAVETI: 1
RAW_MD: Steeleye Span - Cam Ye O'er Frae France
ARTIST: Steeleye Span
TITLE:  Cam Ye O'er Frae France
ALBUM:  
TRACK_P:
TRACK_A:17
YEAR:  
SAVE:   1
----- TRACK_INFO new
HAVETI: 1
RAW_MD: Steeleye Span - Cam Ye O'er Frae France
ARTIST: Steeleye Span
TITLE:  Cam Ye O'er Frae France
ALBUM:  
TRACK_P:
TRACK_A:17
YEAR:  
SAVE:   1
----- TRACK_INFO current
HAVETI: 0
RAW_MD: 
ARTIST: 
TITLE:  
ALBUM:  
TRACK_P:
TRACK_A:18
YEAR:  
SAVE:   1
cbuf2_get_free < getbuffer_size
Waiting for cbuf2->cbuf_sem
CE2: 98304
CE3: 98303
CE4: 3 3
CBUF_EXTRACT
---CBUF_DEBUG_META_LIST---
294912: <size>
98304: Start
131071: 3 [4]StreamTitle='Steeleye Span - Cam Ye O'er Frae France';
65536: End
Did ripstream_rip
Gonna ripstream_rip
RIPSTREAM_RIP_MP3: top of loop
RECV req 32768 bytes, got   718 bytes
RECV req 32050 bytes, got   954 bytes
RECV req 31096 bytes, got  1354 bytes
RECV req 29742 bytes, got  1154 bytes
RECV req 28588 bytes, got  1354 bytes
RECV req 27234 bytes, got  1354 bytes
RECV req 25880 bytes, got  1354 bytes
RECV req 24526 bytes, got   953 bytes
RECV req 23573 bytes, got  1254 bytes
RECV req 22319 bytes, got  1354 bytes
RECV req 20965 bytes, got  1354 bytes
RECV req 19611 bytes, got  1354 bytes
RECV req 18257 bytes, got  1354 bytes
RECV req 16903 bytes, got  1354 bytes
RECV req 15549 bytes, got  1354 bytes
RECV req 14195 bytes, got   653 bytes
RECV req 13542 bytes, got  1354 bytes
RECV req 12188 bytes, got  1154 bytes
RECV req 11034 bytes, got  1254 bytes
RECV req  9780 bytes, got  1354 bytes
RECV req  8426 bytes, got  1354 bytes
RECV req  7072 bytes, got  1354 bytes
RECV req  5718 bytes, got  1354 bytes
RECV req  4364 bytes, got   853 bytes
RECV req  3511 bytes, got  1354 bytes
RECV req  2157 bytes, got  1354 bytes
RECV req   803 bytes, got   803 bytes
RECV req     1 bytes, got     1 bytes
METADATA LEN: 0
CBUF_INSERT
---CBUF_DEBUG_META_LIST---
294912: <size>
98304: Start
131071: 3 [4]StreamTitle='Steeleye Span - Cam Ye O'er Frae France';
98304: End
Testing to write showfile
rmi->current_track.have_track_info = 0
----- TRACK_INFO old
HAVETI: 1
RAW_MD: Steeleye Span - Cam Ye O'er Frae France
ARTIST: Steeleye Span
TITLE:  Cam Ye O'er Frae France
ALBUM:  
TRACK_P:
TRACK_A:17
YEAR:  
SAVE:   1
----- TRACK_INFO new
HAVETI: 1
RAW_MD: Steeleye Span - Cam Ye O'er Frae France
ARTIST: Steeleye Span
TITLE:  Cam Ye O'er Frae France
ALBUM:  
TRACK_P:
TRACK_A:17
YEAR:  
SAVE:   1
----- TRACK_INFO current
HAVETI: 0
RAW_MD: 
ARTIST: 
TITLE:  
ALBUM:  
TRACK_P:
TRACK_A:18
YEAR:  
SAVE:   1
cbuf2_get_free < getbuffer_size
Waiting for cbuf2->cbuf_sem
CE2: 131072
CE3: 131071
CE4: 4 4
CBUF_EXTRACT
---CBUF_DEBUG_META_LIST---
294912: <size>
131072: Start
163839: 4 [4]StreamTitle='Steeleye Span - Cam Ye O'er Frae France';
98304: End
Did ripstream_rip
Gonna ripstream_rip
RIPSTREAM_RIP_MP3: top of loop
RECV req 32768 bytes, got   550 bytes
RECV req 32218 bytes, got   955 bytes
RECV req 31263 bytes, got  1354 bytes
RECV req 29909 bytes, got  1154 bytes
RECV req 28755 bytes, got  1354 bytes
RECV req 27401 bytes, got  1354 bytes
RECV req 26047 bytes, got  1354 bytes
RECV req 24693 bytes, got   953 bytes
RECV req 23740 bytes, got  1254 bytes
RECV req 22486 bytes, got  1354 bytes
RECV req 21132 bytes, got  1354 bytes
RECV req 19778 bytes, got  1354 bytes
RECV req 18424 bytes, got  1354 bytes
RECV req 17070 bytes, got  1354 bytes
RECV req 15716 bytes, got   753 bytes
RECV req 14963 bytes, got  1354 bytes
RECV req 13609 bytes, got  1154 bytes
RECV req 12455 bytes, got  1354 bytes
RECV req 11101 bytes, got  1354 bytes
RECV req  9747 bytes, got  1354 bytes
RECV req  8393 bytes, got   954 bytes
RECV req  7439 bytes, got  1253 bytes
RECV req  6186 bytes, got  1354 bytes
RECV req  4832 bytes, got  2708 bytes
RECV req  2124 bytes, got  1354 bytes
RECV req   770 bytes, got   770 bytes
RECV req     1 bytes, got     1 bytes
METADATA LEN: 0
CBUF_INSERT
---CBUF_DEBUG_META_LIST---
294912: <size>
131072: Start
163839: 4 [4]StreamTitle='Steeleye Span - Cam Ye O'er Frae France';
131072: End
Testing to write showfile
rmi->current_track.have_track_info = 0
----- TRACK_INFO old
HAVETI: 1
RAW_MD: Steeleye Span - Cam Ye O'er Frae France
ARTIST: Steeleye Span
TITLE:  Cam Ye O'er Frae France
ALBUM:  
TRACK_P:
TRACK_A:17
YEAR:  
SAVE:   1
----- TRACK_INFO new
HAVETI: 1
RAW_MD: Steeleye Span - Cam Ye O'er Frae France
ARTIST: Steeleye Span
TITLE:  Cam Ye O'er Frae France
ALBUM:  
TRACK_P:
TRACK_A:17
YEAR:  
SAVE:   1
----- TRACK_INFO current
HAVETI: 0
RAW_MD: 
ARTIST: 
TITLE:  
ALBUM:  
TRACK_P:
TRACK_A:18
YEAR:  
SAVE:   1
cbuf2_get_free < getbuffer_size
Waiting for cbuf2->cbuf_sem
CE2: 163840
CE3: 163839
CE4: 5 5
CBUF_EXTRACT
---CBUF_DEBUG_META_LIST---
294912: <size>
163840: Start
196607: 5 [4]StreamTitle='Steeleye Span - Cam Ye O'er Frae France';
131072: End
Did ripstream_rip
Gonna ripstream_rip
RIPSTREAM_RIP_MP3: top of loop
RECV req 32768 bytes, got   583 bytes
RECV req 32185 bytes, got   755 bytes
RECV req 31430 bytes, got  1354 bytes
RECV req 30076 bytes, got  1354 bytes
RECV req 28722 bytes, got  1354 bytes
RECV req 27368 bytes, got   953 bytes
RECV req 26415 bytes, got  1254 bytes
RECV req 25161 bytes, got  1354 bytes
RECV req 23807 bytes, got  1354 bytes
RECV req 22453 bytes, got  1354 bytes
RECV req 21099 bytes, got  1354 bytes
RECV req 19745 bytes, got   853 bytes
RECV req 18892 bytes, got  1354 bytes
RECV req 17538 bytes, got  1354 bytes
RECV req 16184 bytes, got  1354 bytes
RECV req 14830 bytes, got   954 bytes
RECV req 13876 bytes, got  1354 bytes
RECV req 12522 bytes, got  1154 bytes
RECV req 11368 bytes, got  1354 bytes
RECV req 10014 bytes, got  1354 bytes
RECV req  8660 bytes, got  1053 bytes
RECV req  7607 bytes, got  1354 bytes
RECV req  6253 bytes, got  1354 bytes
RECV req  4899 bytes, got  1054 bytes
RECV req  3845 bytes, got  1354 bytes
RECV req  2491 bytes, got  1354 bytes
RECV req  1137 bytes, got  1137 bytes
RECV req     1 bytes, got     1 bytes
METADATA LEN: 0
CBUF_INSERT
---CBUF_DEBUG_META_LIST---
294912: <size>
163840: Start
196607: 5 [4]StreamTitle='Steeleye Span - Cam Ye O'er Frae France';
163840: End
Testing to write showfile
rmi->current_track.have_track_info = 0
----- TRACK_INFO old
HAVETI: 1
RAW_MD: Steeleye Span - Cam Ye O'er Frae France
ARTIST: Steeleye Span
TITLE:  Cam Ye O'er Frae France
ALBUM:  
TRACK_P:
TRACK_A:17
YEAR:  
SAVE:   1
----- TRACK_INFO new
HAVETI: 1
RAW_MD: Steeleye Span - Cam Ye O'er Frae France
ARTIST: Steeleye Span
TITLE:  Cam Ye O'er Frae France
ALBUM:  
TRACK_P:
TRACK_A:17
YEAR:  
SAVE:   1
----- TRACK_INFO current
HAVETI: 0
RAW_MD: 
ARTIST: 
TITLE:  
ALBUM:  
TRACK_P:
TRACK_A:18
YEAR:  
SAVE:   1
cbuf2_get_free < getbuffer_size
Waiting for cbuf2->cbuf_sem
CE2: 196608
CE3: 196607
CE4: 6 6
CBUF_EXTRACT
---CBUF_DEBUG_META_LIST---
294912: <size>
196608: Start
229375: 6 [4]StreamTitle='Steeleye Span - Cam Ye O'er Frae France';
163840: End
Did ripstream_rip
Gonna ripstream_rip
RIPSTREAM_RIP_MP3: top of loop
RECV req 32768 bytes, got  1570 bytes
RECV req 31198 bytes, got   854 bytes
RECV req 30344 bytes, got  1354 bytes
RECV req 28990 bytes, got  1354 bytes
RECV req 27636 bytes, got  1054 bytes
RECV req 26582 bytes, got  1354 bytes
RECV req 25228 bytes, got  1154 bytes
RECV req 24074 bytes, got  1354 bytes
RECV req 22720 bytes, got  1354 bytes
RECV req 21366 bytes, got  1354 bytes
RECV req 20012 bytes, got   953 bytes
RECV req 19059 bytes, got  1354 bytes
RECV req 17705 bytes, got  1354 bytes
RECV req 16351 bytes, got  1054 bytes
RECV req 15297 bytes, got  1354 bytes
RECV req 13943 bytes, got  1354 bytes
RECV req 12589 bytes, got  1054 bytes
RECV req 11535 bytes, got  1354 bytes
RECV req 10181 bytes, got  1354 bytes
RECV req  8827 bytes, got  1053 bytes
RECV req  7774 bytes, got  1354 bytes
RECV req  6420 bytes, got  1354 bytes
RECV req  5066 bytes, got  1354 bytes
RECV req  3712 bytes, got   954 bytes
RECV req  2758 bytes, got  1354 bytes
RECV req  1404 bytes, got  1153 bytes
RECV req   251 bytes, got   251 bytes
RECV req     1 bytes, got     1 bytes
METADATA LEN: 0
CBUF_INSERT
---CBUF_DEBUG_META_LIST---
294912: <size>
196608: Start
229375: 6 [4]StreamTitle='Steeleye Span - Cam Ye O'er Frae France';
196608: End
Testing to write showfile
rmi->current_track.have_track_info = 0
----- TRACK_INFO old
HAVETI: 1
RAW_MD: Steeleye Span - Cam Ye O'er Frae France
ARTIST: Steeleye Span
TITLE:  Cam Ye O'er Frae France
ALBUM:  
TRACK_P:
TRACK_A:17
YEAR:  
SAVE:   1
----- TRACK_INFO new
HAVETI: 1
RAW_MD: Steeleye Span - Cam Ye O'er Frae France
ARTIST: Steeleye Span
TITLE:  Cam Ye O'er Frae France
ALBUM:  
TRACK_P:
TRACK_A:17
YEAR:  
SAVE:   1
----- TRACK_INFO current
HAVETI: 0
RAW_MD: 
ARTIST: 
TITLE:  
ALBUM:  
TRACK_P:
TRACK_A:18
YEAR:  
SAVE:   1
cbuf2_get_free < getbuffer_size
Waiting for cbuf2->cbuf_sem
CE2: 229376
CE3: 229375
CE4: 7 7
CBUF_EXTRACT
---CBUF_DEBUG_META_LIST---
294912: <size>
229376: Start
262143: 7 [4]StreamTitle='Steeleye Span - Cam Ye O'er Frae France';
196608: End
Did ripstream_rip
Gonna ripstream_rip
RIPSTREAM_RIP_MP3: top of loop
RECV req 32768 bytes, got  1102 bytes
RECV req 31666 bytes, got  1354 bytes
RECV req 30312 bytes, got  1354 bytes
RECV req 28958 bytes, got  1354 bytes
RECV req 27604 bytes, got   855 bytes
RECV req 26749 bytes, got  1354 bytes
RECV req 25395 bytes, got  1354 bytes
RECV req 24041 bytes, got  1053 bytes
RECV req 22988 bytes, got  1254 bytes
RECV req 21734 bytes, got  1354 bytes
RECV req 20380 bytes, got  1354 bytes
RECV req 19026 bytes, got  1354 bytes
RECV req 17672 bytes, got  1354 bytes
RECV req 16318 bytes, got   854 bytes
RECV req 15464 bytes, got  1354 bytes
RECV req 14110 bytes, got  1354 bytes
RECV req 12756 bytes, got  1053 bytes
RECV req 11703 bytes, got  1354 bytes
RECV req 10349 bytes, got  1354 bytes
RECV req  8995 bytes, got  1354 bytes
RECV req  7641 bytes, got   954 bytes
RECV req  6687 bytes, got  1354 bytes
RECV req  5333 bytes, got  1154 bytes
RECV req  4179 bytes, got  1354 bytes
RECV req  2825 bytes, got  1354 bytes
RECV req  1471 bytes, got  1354 bytes
RECV req   117 bytes, got   117 bytes
RECV req     1 bytes, got     1 bytes
METADATA LEN: 0
CBUF_INSERT
---CBUF_DEBUG_META_LIST---
294912: <size>
229376: Start
262143: 7 [4]StreamTitle='Steeleye Span - Cam Ye O'er Frae France';
229376: End
Testing to write showfile
rmi->current_track.have_track_info = 0
----- TRACK_INFO old
HAVETI: 1
RAW_MD: Steeleye Span - Cam Ye O'er Frae France
ARTIST: Steeleye Span
TITLE:  Cam Ye O'er Frae France
ALBUM:  
TRACK_P:
TRACK_A:17
YEAR:  
SAVE:   1
----- TRACK_INFO new
HAVETI: 1
RAW_MD: Steeleye Span - Cam Ye O'er Frae France
ARTIST: Steeleye Span
TITLE:  Cam Ye O'er Frae France
ALBUM:  
TRACK_P:
TRACK_A:17
YEAR:  
SAVE:   1
----- TRACK_INFO current
HAVETI: 0
RAW_MD: 
ARTIST: 
TITLE:  
ALBUM:  
TRACK_P:
TRACK_A:18
YEAR:  
SAVE:   1
cbuf2_get_free < getbuffer_size
Waiting for cbuf2->cbuf_sem
CE2: 262144
CE3: 262143
CE4: 8 8
CBUF_EXTRACT
---CBUF_DEBUG_META_LIST---
294912: <size>
262144: Start
294911: 8 [4]StreamTitle='Steeleye Span - Cam Ye O'er Frae France';
229376: End
Did ripstream_rip
Gonna ripstream_rip
RIPSTREAM_RIP_MP3: top of loop
RECV req 32768 bytes, got   836 bytes
RECV req 31932 bytes, got  1354 bytes
RECV req 30578 bytes, got  1354 bytes
RECV req 29224 bytes, got  1054 bytes
RECV req 28170 bytes, got  1354 bytes
RECV req 26816 bytes, got  1154 bytes
RECV req 25662 bytes, got  1354 bytes
RECV req 24308 bytes, got  1153 bytes
RECV req 23155 bytes, got  2708 bytes
RECV req 20447 bytes, got  1354 bytes
RECV req 19093 bytes, got  1354 bytes
RECV req 17739 bytes, got   854 bytes
RECV req 16885 bytes, got  1354 bytes
RECV req 15531 bytes, got  1354 bytes
RECV req 14177 bytes, got  1354 bytes
RECV req 12823 bytes, got   953 bytes
RECV req 11870 bytes, got  1354 bytes
RECV req 10516 bytes, got  1354 bytes
RECV req  9162 bytes, got  1054 bytes
RECV req  8108 bytes, got  1354 bytes
RECV req  6754 bytes, got  1354 bytes
RECV req  5400 bytes, got  1354 bytes
RECV req  4046 bytes, got   953 bytes
RECV req  3093 bytes, got  1354 bytes
RECV req  1739 bytes, got  1354 bytes
RECV req   385 bytes, got   385 bytes
RECV req     1 bytes, got     1 bytes
METADATA LEN: 0
CBUF_INSERT
---CBUF_DEBUG_META_LIST---
294912: <size>
262144: Start
294911: 8 [4]StreamTitle='Steeleye Span - Cam Ye O'er Frae France';
262144: End
Testing to write showfile
rmi->current_track.have_track_info = 0
----- TRACK_INFO old
HAVETI: 1
RAW_MD: Steeleye Span - Cam Ye O'er Frae France
ARTIST: Steeleye Span
TITLE:  Cam Ye O'er Frae France
ALBUM:  
TRACK_P:
TRACK_A:17
YEAR:  
SAVE:   1
----- TRACK_INFO new
HAVETI: 1
RAW_MD: Steeleye Span - Cam Ye O'er Frae France
ARTIST: Steeleye Span
TITLE:  Cam Ye O'er Frae France
ALBUM:  
TRACK_P:
TRACK_A:17
YEAR:  
SAVE:   1
----- TRACK_INFO current
HAVETI: 0
RAW_MD: 
ARTIST: 
TITLE:  
ALBUM:  
TRACK_P:
TRACK_A:18
YEAR:  
SAVE:   1
cbuf2_get_free < getbuffer_size
Waiting for cbuf2->cbuf_sem
CE2: 0
CE3: 294911
CE4: 0 0
CBUF_EXTRACT
---CBUF_DEBUG_META_LIST---
294912: <size>
0: Start
32767: 0 [4]StreamTitle='Steeleye Span - Cam Ye O'er Frae France';
262144: End
Did ripstream_rip
Gonna ripstream_rip
RIPSTREAM_RIP_MP3: top of loop
RECV req 32768 bytes, got   669 bytes
RECV req 32099 bytes, got  1354 bytes
RECV req 30745 bytes, got  1354 bytes
RECV req 29391 bytes, got  1354 bytes
RECV req 28037 bytes, got   953 bytes
RECV req 27084 bytes, got  1354 bytes
RECV req 25730 bytes, got  1354 bytes
RECV req 24376 bytes, got  1054 bytes
RECV req 23322 bytes, got  1354 bytes
RECV req 21968 bytes, got  1154 bytes
RECV req 20814 bytes, got  1354 bytes
RECV req 19460 bytes, got  1354 bytes
RECV req 18106 bytes, got  1354 bytes
RECV req 16752 bytes, got   953 bytes
RECV req 15799 bytes, got  1254 bytes
RECV req 14545 bytes, got  1354 bytes
RECV req 13191 bytes, got  1354 bytes
RECV req 11837 bytes, got  1354 bytes
RECV req 10483 bytes, got  1354 bytes
RECV req  9129 bytes, got   854 bytes
RECV req  8275 bytes, got  1354 bytes
RECV req  6921 bytes, got  1354 bytes
RECV req  5567 bytes, got  1354 bytes
RECV req  4213 bytes, got   953 bytes
RECV req  3260 bytes, got  1354 bytes
RECV req  1906 bytes, got  1354 bytes
RECV req   552 bytes, got   552 bytes
RECV req     1 bytes, got     1 bytes
METADATA LEN: 0
CBUF_INSERT
---CBUF_DEBUG_META_LIST---
294912: <size>
0: Start
32767: 0 [4]StreamTitle='Steeleye Span - Cam Ye O'er Frae France';
0: End
Testing to write showfile
rmi->current_track.have_track_info = 0
----- TRACK_INFO old
HAVETI: 1
RAW_MD: Steeleye Span - Cam Ye O'er Frae France
ARTIST: Steeleye Span
TITLE:  Cam Ye O'er Frae France
ALBUM:  
TRACK_P:
TRACK_A:17
YEAR:  
SAVE:   1
----- TRACK_INFO new
HAVETI: 1
RAW_MD: Steeleye Span - Cam Ye O'er Frae France
ARTIST: Steeleye Span
TITLE:  Cam Ye O'er Frae France
ALBUM:  
TRACK_P:
TRACK_A:17
YEAR:  
SAVE:   1
----- TRACK_INFO current
HAVETI: 0
RAW_MD: 
ARTIST: 
TITLE:  
ALBUM:  
TRACK_P:
TRACK_A:18
YEAR:  
SAVE:   1
cbuf2_get_free < getbuffer_size
Waiting for cbuf2->cbuf_sem
CE2: 32768
CE3: 32767
CE4: 1 1
CBUF_EXTRACT
---CBUF_DEBUG_META_LIST---
294912: <size>
32768: Start
65535: 1 [4]StreamTitle='Steeleye Span - Cam Ye O'er Frae France';
0: End
Did ripstream_rip
Gonna ripstream_rip
RIPSTREAM_RIP_MP3: top of loop
RECV req 32768 bytes, got   502 bytes
RECV req 32266 bytes, got  1354 bytes
RECV req 30912 bytes, got  1354 bytes
RECV req 29558 bytes, got  1354 bytes
RECV req 28204 bytes, got   953 bytes
RECV req 27251 bytes, got  1354 bytes
RECV req 25897 bytes, got  1354 bytes
RECV req 24543 bytes, got  1054 bytes
RECV req 23489 bytes, got  1354 bytes
RECV req 22135 bytes, got  1154 bytes
RECV req 20981 bytes, got  1354 bytes
RECV req 19627 bytes, got  1354 bytes
RECV req 18273 bytes, got  1354 bytes
RECV req 16919 bytes, got  1354 bytes
RECV req 15565 bytes, got   853 bytes
RECV req 14712 bytes, got  1354 bytes
RECV req 13358 bytes, got  1154 bytes
RECV req 12204 bytes, got  1354 bytes
RECV req 10850 bytes, got  1354 bytes
RECV req  9496 bytes, got  1354 bytes
RECV req  8142 bytes, got   953 bytes
RECV req  7189 bytes, got  1354 bytes
RECV req  5835 bytes, got  1354 bytes
RECV req  4481 bytes, got  1054 bytes
RECV req  3427 bytes, got  1354 bytes
RECV req  2073 bytes, got  1354 bytes
RECV req   719 bytes, got   719 bytes
RECV req     1 bytes, got     1 bytes
METADATA LEN: 0
CBUF_INSERT
---CBUF_DEBUG_META_LIST---
294912: <size>
32768: Start
65535: 1 [4]StreamTitle='Steeleye Span - Cam Ye O'er Frae France';
32768: End
Testing to write showfile
rmi->current_track.have_track_info = 0
----- TRACK_INFO old
HAVETI: 1
RAW_MD: Steeleye Span - Cam Ye O'er Frae France
ARTIST: Steeleye Span
TITLE:  Cam Ye O'er Frae France
ALBUM:  
TRACK_P:
TRACK_A:17
YEAR:  
SAVE:   1
----- TRACK_INFO new
HAVETI: 1
RAW_MD: Steeleye Span - Cam Ye O'er Frae France
ARTIST: Steeleye Span
TITLE:  Cam Ye O'er Frae France
ALBUM:  
TRACK_P:
TRACK_A:17
YEAR:  
SAVE:   1
----- TRACK_INFO current
HAVETI: 0
RAW_MD: 
ARTIST: 
TITLE:  
ALBUM:  
TRACK_P:
TRACK_A:18
YEAR:  
SAVE:   1
cbuf2_get_free < getbuffer_size
Waiting for cbuf2->cbuf_sem
CE2: 65536
CE3: 65535
CE4: 2 2
CBUF_EXTRACT
---CBUF_DEBUG_META_LIST---
294912: <size>
65536: Start
98303: 2 [4]StreamTitle='Steeleye Span - Cam Ye O'er Frae France';
32768: End
Did ripstream_rip
Gonna ripstream_rip
RIPSTREAM_RIP_MP3: top of loop
RECV req 32768 bytes, got   335 bytes
RECV req 32433 bytes, got  1354 bytes
RECV req 31079 bytes, got  1354 bytes
RECV req 29725 bytes, got  1053 bytes
RECV req 28672 bytes, got  1354 bytes
RECV req 27318 bytes, got  1354 bytes
RECV req 25964 bytes, got  1354 bytes
RECV req 24610 bytes, got   954 bytes
RECV req 23656 bytes, got  1354 bytes
RECV req 22302 bytes, got  1354 bytes
RECV req 20948 bytes, got  1053 bytes
RECV req 19895 bytes, got  1354 bytes
RECV req 18541 bytes, got  1154 bytes
RECV req 17387 bytes, got  1354 bytes
RECV req 16033 bytes, got  1354 bytes
RECV req 14679 bytes, got  1354 bytes
RECV req 13325 bytes, got   954 bytes
RECV req 12371 bytes, got  1354 bytes
RECV req 11017 bytes, got  1153 bytes
RECV req  9864 bytes, got  1354 bytes
RECV req  8510 bytes, got  1354 bytes
RECV req  7156 bytes, got  1354 bytes
RECV req  5802 bytes, got   954 bytes
RECV req  4848 bytes, got  1354 bytes
RECV req  3494 bytes, got  1354 bytes
RECV req  2140 bytes, got  1054 bytes
RECV req  1086 bytes, got  1086 bytes
RECV req     1 bytes, got     1 bytes
METADATA LEN: 0
CBUF_INSERT
---CBUF_DEBUG_META_LIST---
294912: <size>
65536: Start
98303: 2 [4]StreamTitle='Steeleye Span - Cam Ye O'er Frae France';
65536: End
Testing to write showfile
rmi->current_track.have_track_info = 0
----- TRACK_INFO old
HAVETI: 1
RAW_MD: Steeleye Span - Cam Ye O'er Frae France
ARTIST: Steeleye Span
TITLE:  Cam Ye O'er Frae France
ALBUM:  
TRACK_P:
TRACK_A:17
YEAR:  
SAVE:   1
----- TRACK_INFO new
HAVETI: 1
RAW_MD: Steeleye Span - Cam Ye O'er Frae France
ARTIST: Steeleye Span
TITLE:  Cam Ye O'er Frae France
ALBUM:  
TRACK_P:
TRACK_A:17
YEAR:  
SAVE:   1
----- TRACK_INFO current
HAVETI: 0
RAW_MD: 
ARTIST: 
TITLE:  
ALBUM:  
TRACK_P:
TRACK_A:18
YEAR:  
SAVE:   1
cbuf2_get_free < getbuffer_size
Waiting for cbuf2->cbuf_sem
CE2: 98304
CE3: 98303
CE4: 3 3
CBUF_EXTRACT
---CBUF_DEBUG_META_LIST---
294912: <size>
98304: Start
131071: 3 [4]StreamTitle='Steeleye Span - Cam Ye O'er Frae France';
65536: End
Did ripstream_rip
Gonna ripstream_rip
RIPSTREAM_RIP_MP3: top of loop
RECV req 32768 bytes, got   267 bytes
RECV req 32501 bytes, got  1354 bytes
RECV req 31147 bytes, got  1054 bytes
RECV req 30093 bytes, got  1354 bytes
RECV req 28739 bytes, got  1354 bytes
RECV req 27385 bytes, got  1054 bytes
RECV req 26331 bytes, got  1354 bytes
RECV req 24977 bytes, got  1354 bytes
RECV req 23623 bytes, got  1354 bytes
RECV req 22269 bytes, got   953 bytes
RECV req 21316 bytes, got  1354 bytes
RECV req 19962 bytes, got  1354 bytes
RECV req 18608 bytes, got  1054 bytes
RECV req 17554 bytes, got  1354 bytes
RECV req 16200 bytes, got  1354 bytes
RECV req 14846 bytes, got  1354 bytes
RECV req 13492 bytes, got   953 bytes
RECV req 12539 bytes, got  1354 bytes
RECV req 11185 bytes, got  1354 bytes
RECV req  9831 bytes, got  1054 bytes
RECV req  8777 bytes, got  1354 bytes
RECV req  7423 bytes, got  1354 bytes
RECV req  6069 bytes, got  1354 bytes
RECV req  4715 bytes, got   954 bytes
RECV req  3761 bytes, got  1354 bytes
RECV req  2407 bytes, got  1153 bytes
RECV req  1254 bytes, got  1254 bytes
RECV req     1 bytes, got     1 bytes
METADATA LEN: 0
CBUF_INSERT
---CBUF_DEBUG_META_LIST---
294912: <size>
98304: Start
131071: 3 [4]StreamTitle='Steeleye Span - Cam Ye O'er Frae France';
98304: End
Testing to write showfile
rmi->current_track.have_track_info = 0
----- TRACK_INFO old
HAVETI: 1
RAW_MD: Steeleye Span - Cam Ye O'er Frae France
ARTIST: Steeleye Span
TITLE:  Cam Ye O'er Frae France
ALBUM:  
TRACK_P:
TRACK_A:17
YEAR:  
SAVE:   1
----- TRACK_INFO new
HAVETI: 1
RAW_MD: Steeleye Span - Cam Ye O'er Frae France
ARTIST: Steeleye Span
TITLE:  Cam Ye O'er Frae France
ALBUM:  
TRACK_P:
TRACK_A:17
YEAR:  
SAVE:   1
----- TRACK_INFO current
HAVETI: 0
RAW_MD: 
ARTIST: 
TITLE:  
ALBUM:  
TRACK_P:
TRACK_A:18
YEAR:  
SAVE:   1
cbuf2_get_free < getbuffer_size
Waiting for cbuf2->cbuf_sem
CE2: 131072
CE3: 131071
CE4: 4 4
CBUF_EXTRACT
---CBUF_DEBUG_META_LIST---
294912: <size>
131072: Start
163839: 4 [4]StreamTitle='Steeleye Span - Cam Ye O'er Frae France';
98304: End
Did ripstream_rip
Gonna ripstream_rip
RIPSTREAM_RIP_MP3: top of loop
RECV req 32768 bytes, got  1453 bytes
RECV req 31315 bytes, got  1055 bytes
RECV req 30260 bytes, got  1354 bytes
RECV req 28906 bytes, got  1354 bytes
RECV req 27552 bytes, got  1354 bytes
RECV req 26198 bytes, got   953 bytes
RECV req 25245 bytes, got  1354 bytes
RECV req 23891 bytes, got  6370 bytes
RECV req 17521 bytes, got  1354 bytes
RECV req 16167 bytes, got  1354 bytes
RECV req 14813 bytes, got  1354 bytes
RECV req 13459 bytes, got   753 bytes
RECV req 12706 bytes, got  1354 bytes
RECV req 11352 bytes, got  1354 bytes
RECV req  9998 bytes, got  1354 bytes
RECV req  8644 bytes, got   954 bytes
RECV req  7690 bytes, got  1354 bytes
RECV req  6336 bytes, got  1154 bytes
RECV req  5182 bytes, got  1354 bytes
RECV req  3828 bytes, got  1354 bytes
RECV req  2474 bytes, got  1354 bytes
RECV req  1120 bytes, got   953 bytes
RECV req   167 bytes, got   167 bytes
RECV req     1 bytes, got     1 bytes
METADATA LEN: 0
CBUF_INSERT
---CBUF_DEBUG_META_LIST---
294912: <size>
131072: Start
163839: 4 [4]StreamTitle='Steeleye Span - Cam Ye O'er Frae France';
131072: End
Testing to write showfile
rmi->current_track.have_track_info = 0
----- TRACK_INFO old
HAVETI: 1
RAW_MD: Steeleye Span - Cam Ye O'er Frae France
ARTIST: Steeleye Span
TITLE:  Cam Ye O'er Frae France
ALBUM:  
TRACK_P:
TRACK_A:17
YEAR:  
SAVE:   1
----- TRACK_INFO new
HAVETI: 1
RAW_MD: Steeleye Span - Cam Ye O'er Frae France
ARTIST: Steeleye Span
TITLE:  Cam Ye O'er Frae France
ALBUM:  
TRACK_P:
TRACK_A:17
YEAR:  
SAVE:   1
----- TRACK_INFO current
HAVETI: 0
RAW_MD: 
ARTIST: 
TITLE:  
ALBUM:  
TRACK_P:
TRACK_A:18
YEAR:  
SAVE:   1
cbuf2_get_free < getbuffer_size
Waiting for cbuf2->cbuf_sem
CE2: 163840
CE3: 163839
CE4: 5 5
CBUF_EXTRACT
---CBUF_DEBUG_META_LIST---
294912: <size>
163840: Start
196607: 5 [4]StreamTitle='Steeleye Span - Cam Ye O'er Frae France';
131072: End
Did ripstream_rip
Gonna ripstream_rip
RIPSTREAM_RIP_MP3: top of loop
RECV req 32768 bytes, got  1186 bytes
RECV req 31582 bytes, got  1354 bytes
RECV req 30228 bytes, got  1354 bytes
RECV req 28874 bytes, got   955 bytes
RECV req 27919 bytes, got  1354 bytes
RECV req 26565 bytes, got  1354 bytes
RECV req 25211 bytes, got  1053 bytes
RECV req 24158 bytes, got  1354 bytes
RECV req 22804 bytes, got  1154 bytes
RECV req 21650 bytes, got  1354 bytes
RECV req 20296 bytes, got  1354 bytes
RECV req 18942 bytes, got  1354 bytes
RECV req 17588 bytes, got   953 bytes
RECV req 16635 bytes, got  1354 bytes
RECV req 15281 bytes, got  1154 bytes
RECV req 14127 bytes, got  1354 bytes
RECV req 12773 bytes, got  1354 bytes
RECV req 11419 bytes, got  1354 bytes
RECV req 10065 bytes, got   954 bytes
RECV req  9111 bytes, got  1354 bytes
RECV req  7757 bytes, got  1354 bytes
RECV req  6403 bytes, got  1354 bytes
RECV req  5049 bytes, got   953 bytes
RECV req  4096 bytes, got  1354 bytes
RECV req  2742 bytes, got  1354 bytes
RECV req  1388 bytes, got  1054 bytes
RECV req   334 bytes, got   334 bytes
RECV req     1 bytes, got     1 bytes
METADATA LEN: 0
CBUF_INSERT
---CBUF_DEBUG_META_LIST---
294912: <size>
163840: Start
196607: 5 [4]StreamTitle='Steeleye Span - Cam Ye O'er Frae France';
163840: End
Testing to write showfile
rmi->current_track.have_track_info = 0
----- TRACK_INFO old
HAVETI: 1
RAW_MD: Steeleye Span - Cam Ye O'er Frae France
ARTIST: Steeleye Span
TITLE:  Cam Ye O'er Frae France
ALBUM:  
TRACK_P:
TRACK_A:17
YEAR:  
SAVE:   1
----- TRACK_INFO new
HAVETI: 1
RAW_MD: Steeleye Span - Cam Ye O'er Frae France
ARTIST: Steeleye Span
TITLE:  Cam Ye O'er Frae France
ALBUM:  
TRACK_P:
TRACK_A:17
YEAR:  
SAVE:   1
----- TRACK_INFO current
HAVETI: 0
RAW_MD: 
ARTIST: 
TITLE:  
ALBUM:  
TRACK_P:
TRACK_A:18
YEAR:  
SAVE:   1
cbuf2_get_free < getbuffer_size
Waiting for cbuf2->cbuf_sem
CE2: 196608
CE3: 196607
CE4: 6 6
CBUF_EXTRACT
---CBUF_DEBUG_META_LIST---
294912: <size>
196608: Start
229375: 6 [4]StreamTitle='Steeleye Span - Cam Ye O'er Frae France';
163840: End
Did ripstream_rip
Gonna ripstream_rip
RIPSTREAM_RIP_MP3: top of loop
RECV req 32768 bytes, got  1019 bytes
RECV req 31749 bytes, got  1155 bytes
RECV req 30594 bytes, got  1354 bytes
RECV req 29240 bytes, got  1354 bytes
RECV req 27886 bytes, got  1053 bytes
RECV req 26833 bytes, got  1354 bytes
RECV req 25479 bytes, got  1354 bytes
RECV req 24125 bytes, got  1354 bytes
RECV req 22771 bytes, got   954 bytes
RECV req 21817 bytes, got  1354 bytes
RECV req 20463 bytes, got  1354 bytes
RECV req 19109 bytes, got  1354 bytes
RECV req 17755 bytes, got   953 bytes
RECV req 16802 bytes, got  1254 bytes
RECV req 15548 bytes, got  1354 bytes
RECV req 14194 bytes, got  1354 bytes
RECV req 12840 bytes, got  1354 bytes
RECV req 11486 bytes, got  1354 bytes
RECV req 10132 bytes, got   854 bytes
RECV req  9278 bytes, got  1354 bytes
RECV req  7924 bytes, got  1354 bytes
RECV req  6570 bytes, got  1354 bytes
RECV req  5216 bytes, got   953 bytes
RECV req  4263 bytes, got  1254 bytes
RECV req  3009 bytes, got  1354 bytes
RECV req  1655 bytes, got  1354 bytes
RECV req   301 bytes, got   301 bytes
RECV req     1 bytes, got     1 bytes
METADATA LEN: 0
CBUF_INSERT
---CBUF_DEBUG_META_LIST---
294912: <size>
196608: Start
229375: 6 [4]StreamTitle='Steeleye Span - Cam Ye O'er Frae France';
196608: End
Testing to write showfile
rmi->current_track.have_track_info = 0
----- TRACK_INFO old
HAVETI: 1
RAW_MD: Steeleye Span - Cam Ye O'er Frae France
ARTIST: Steeleye Span
TITLE:  Cam Ye O'er Frae France
ALBUM:  
TRACK_P:
TRACK_A:17
YEAR:  
SAVE:   1
----- TRACK_INFO new
HAVETI: 1
RAW_MD: Steeleye Span - Cam Ye O'er Frae France
ARTIST: Steeleye Span
TITLE:  Cam Ye O'er Frae France
ALBUM:  
TRACK_P:
TRACK_A:17
YEAR:  
SAVE:   1
----- TRACK_INFO current
HAVETI: 0
RAW_MD: 
ARTIST: 
TITLE:  
ALBUM:  
TRACK_P:
TRACK_A:18
YEAR:  
SAVE:   1
cbuf2_get_free < getbuffer_size
Waiting for cbuf2->cbuf_sem
CE2: 229376
CE3: 229375
CE4: 7 7
CBUF_EXTRACT
---CBUF_DEBUG_META_LIST---
294912: <size>
229376: Start
262143: 7 [4]StreamTitle='Steeleye Span - Cam Ye O'er Frae France';
196608: End
Did ripstream_rip
Gonna ripstream_rip
RIPSTREAM_RIP_MP3: top of loop
RECV req 32768 bytes, got  1052 bytes
RECV req 31716 bytes, got   954 bytes
RECV req 30762 bytes, got  1354 bytes
RECV req 29408 bytes, got  1354 bytes
RECV req 28054 bytes, got  1354 bytes
RECV req 26700 bytes, got   954 bytes
RECV req 25746 bytes, got  1354 bytes
RECV req 24392 bytes, got  1354 bytes
RECV req 23038 bytes, got  1054 bytes
RECV req 21984 bytes, got  1354 bytes
RECV req 20630 bytes, got  1354 bytes
RECV req 19276 bytes, got  1053 bytes
RECV req 18223 bytes, got  1354 bytes
RECV req 16869 bytes, got  1354 bytes
RECV req 15515 bytes, got  1354 bytes
RECV req 14161 bytes, got   954 bytes
RECV req 13207 bytes, got  1354 bytes
RECV req 11853 bytes, got  1354 bytes
RECV req 10499 bytes, got  1354 bytes
RECV req  9145 bytes, got   953 bytes
RECV req  8192 bytes, got  1354 bytes
RECV req  6838 bytes, got  1154 bytes
RECV req  5684 bytes, got  1354 bytes
RECV req  4330 bytes, got  1354 bytes
RECV req  2976 bytes, got  1354 bytes
RECV req  1622 bytes, got   953 bytes
RECV req   669 bytes, got   669 bytes
RECV req     1 bytes, got     1 bytes
METADATA LEN: 0
CBUF_INSERT
---CBUF_DEBUG_META_LIST---
294912: <size>
229376: Start
262143: 7 [4]StreamTitle='Steeleye Span - Cam Ye O'er Frae France';
229376: End
Testing to write showfile
rmi->current_track.have_track_info = 0
----- TRACK_INFO old
HAVETI: 1
RAW_MD: Steeleye Span - Cam Ye O'er Frae France
ARTIST: Steeleye Span
TITLE:  Cam Ye O'er Frae France
ALBUM:  
TRACK_P:
TRACK_A:17
YEAR:  
SAVE:   1
----- TRACK_INFO new
HAVETI: 1
RAW_MD: Steeleye Span - Cam Ye O'er Frae France
ARTIST: Steeleye Span
TITLE:  Cam Ye O'er Frae France
ALBUM:  
TRACK_P:
TRACK_A:17
YEAR:  
SAVE:   1
----- TRACK_INFO current
HAVETI: 0
RAW_MD: 
ARTIST: 
TITLE:  
ALBUM:  
TRACK_P:
TRACK_A:18
YEAR:  
SAVE:   1
cbuf2_get_free < getbuffer_size
Waiting for cbuf2->cbuf_sem
CE2: 262144
CE3: 262143
CE4: 8 8
CBUF_EXTRACT
---CBUF_DEBUG_META_LIST---
294912: <size>
262144: Start
294911: 8 [4]StreamTitle='Steeleye Span - Cam Ye O'er Frae France';
229376: End
Did ripstream_rip
Gonna ripstream_rip
RIPSTREAM_RIP_MP3: top of loop
RECV req 32768 bytes, got   684 bytes
RECV req 32084 bytes, got  1354 bytes
RECV req 30730 bytes, got  1055 bytes
RECV req 29675 bytes, got  1354 bytes
RECV req 28321 bytes, got  1154 bytes
RECV req 27167 bytes, got  1354 bytes
RECV req 25813 bytes, got  1354 bytes
RECV req 24459 bytes, got  1354 bytes
RECV req 23105 bytes, got   953 bytes
RECV req 22152 bytes, got  1354 bytes
RECV req 20798 bytes, got  1354 bytes
RECV req 19444 bytes, got  1054 bytes
RECV req 18390 bytes, got  1354 bytes
RECV req 17036 bytes, got  1354 bytes
RECV req 15682 bytes, got  1354 bytes
RECV req 14328 bytes, got   954 bytes
RECV req 13374 bytes, got  1354 bytes
RECV req 12020 bytes, got  1354 bytes
RECV req 10666 bytes, got  1053 bytes
RECV req  9613 bytes, got  1354 bytes
RECV req  8259 bytes, got  1354 bytes
RECV req  6905 bytes, got  1054 bytes
RECV req  5851 bytes, got  1354 bytes
RECV req  4497 bytes, got  1354 bytes
RECV req  3143 bytes, got  1354 bytes
RECV req  1789 bytes, got   953 bytes
RECV req   836 bytes, got   836 bytes
RECV req     1 bytes, got     1 bytes
METADATA LEN: 0
CBUF_INSERT
---CBUF_DEBUG_META_LIST---
294912: <size>
262144: Start
294911: 8 [4]StreamTitle='Steeleye Span - Cam Ye O'er Frae France';
262144: End
Testing to write showfile
rmi->current_track.have_track_info = 0
----- TRACK_INFO old
HAVETI: 1
RAW_MD: Steeleye Span - Cam Ye O'er Frae France
ARTIST: Steeleye Span
TITLE:  Cam Ye O'er Frae France
ALBUM:  
TRACK_P:
TRACK_A:17
YEAR:  
SAVE:   1
----- TRACK_INFO new
HAVETI: 1
RAW_MD: Steeleye Span - Cam Ye O'er Frae France
ARTIST: Steeleye Span
TITLE:  Cam Ye O'er Frae France
ALBUM:  
TRACK_P:
TRACK_A:17
YEAR:  
SAVE:   1
----- TRACK_INFO current
HAVETI: 0
RAW_MD: 
ARTIST: 
TITLE:  
ALBUM:  
TRACK_P:
TRACK_A:18
YEAR:  
SAVE:   1
cbuf2_get_free < getbuffer_size
Waiting for cbuf2->cbuf_sem
CE2: 0
CE3: 294911
CE4: 0 0
CBUF_EXTRACT
---CBUF_DEBUG_META_LIST---
294912: <size>
0: Start
32767: 0 [4]StreamTitle='Steeleye Span - Cam Ye O'er Frae France';
262144: End
Did ripstream_rip
Gonna ripstream_rip
RIPSTREAM_RIP_MP3: top of loop
RECV req 32768 bytes, got  1871 bytes
RECV req 30897 bytes, got  1055 bytes
RECV req 29842 bytes, got  1354 bytes
RECV req 28488 bytes, got  1354 bytes
RECV req 27134 bytes, got  1354 bytes
RECV req 25780 bytes, got   953 bytes
RECV req 24827 bytes, got  1354 bytes
RECV req 23473 bytes, got  1154 bytes
RECV req 22319 bytes, got  1354 bytes
RECV req 20965 bytes, got  1354 bytes
RECV req 19611 bytes, got  1054 bytes
RECV req 18557 bytes, got  1354 bytes
RECV req 17203 bytes, got  1354 bytes
RECV req 15849 bytes, got  1354 bytes
RECV req 14495 bytes, got  1354 bytes
RECV req 13141 bytes, got   853 bytes
RECV req 12288 bytes, got  1354 bytes
RECV req 10934 bytes, got  1154 bytes
RECV req  9780 bytes, got  1354 bytes
